[2024-08-26 17:36:15] local.ERROR: Uncaught Symfony\Component\Finder\Exception\DirectoryNotFoundException: The "C:\Users\thiago.oliveira\Desktop\Dev-Pers\meglio\kanban-meglio\resources\views" directory does not exist. in C:\Users\thiago.oliveira\Desktop\Dev-Pers\meglio\backend\vendor\symfony\finder\Finder.php:646
Stack trace:
#0 C:\Users\thiago.oliveira\Desktop\Dev-Pers\meglio\backend\vendor\laravel\framework\src\Illuminate\Filesystem\Filesystem.php(584): Symfony\Component\Finder\Finder->in('C:\\Users\\thiago...')
#1 Command line code(1): Illuminate\Filesystem\Filesystem->files('C:\\Users\\thiago...')
#2 Command line code(1): getViews('C:\\Users\\thiago...', Object(Illuminate\Filesystem\Filesystem))
#3 {main}
  thrown {"exception":"[object] (Symfony\\Component\\ErrorHandler\\Error\\FatalError(code: 0): Uncaught Symfony\\Component\\Finder\\Exception\\DirectoryNotFoundException: The \"C:\\Users\\thiago.oliveira\\Desktop\\Dev-Pers\\meglio\\kanban-meglio\\resources\\views\" directory does not exist. in C:\\Users\\thiago.oliveira\\Desktop\\Dev-Pers\\meglio\\backend\\vendor\\symfony\\finder\\Finder.php:646
Stack trace:
#0 C:\\Users\\thiago.oliveira\\Desktop\\Dev-Pers\\meglio\\backend\\vendor\\laravel\\framework\\src\\Illuminate\\Filesystem\\Filesystem.php(584): Symfony\\Component\\Finder\\Finder->in('C:\\\\Users\\\\thiago...')
#1 Command line code(1): Illuminate\\Filesystem\\Filesystem->files('C:\\\\Users\\\\thiago...')
#2 Command line code(1): getViews('C:\\\\Users\\\\thiago...', Object(Illuminate\\Filesystem\\Filesystem))
#3 {main}
  thrown at C:\\Users\\thiago.oliveira\\Desktop\\Dev-Pers\\meglio\\backend\\vendor\\symfony\\finder\\Finder.php:646)
[stacktrace]
#0 {main}
"} 
[2024-08-26 17:51:17] local.ERROR: The "C:\Users\thiago.oliveira\Desktop\Dev-Pers\meglio\kanban-meglio\resources\views" directory does not exist. {"exception":"[object] (Symfony\\Component\\Finder\\Exception\\DirectoryNotFoundException(code: 0): The \"C:\\Users\\thiago.oliveira\\Desktop\\Dev-Pers\\meglio\\kanban-meglio\\resources\\views\" directory does not exist. at C:\\Users\\thiago.oliveira\\Desktop\\Dev-Pers\\meglio\\backend\\vendor\\symfony\\finder\\Finder.php:646)
[stacktrace]
#0 C:\\Users\\thiago.oliveira\\Desktop\\Dev-Pers\\meglio\\backend\\vendor\\laravel\\framework\\src\\Illuminate\\Foundation\\Console\\ViewCacheCommand.php(88): Symfony\\Component\\Finder\\Finder->in(Array)
#1 C:\\Users\\thiago.oliveira\\Desktop\\Dev-Pers\\meglio\\backend\\vendor\\laravel\\framework\\src\\Illuminate\\Foundation\\Console\\ViewCacheCommand.php(43): Illuminate\\Foundation\\Console\\ViewCacheCommand->bladeFilesIn(Array)
#2 C:\\Users\\thiago.oliveira\\Desktop\\Dev-Pers\\meglio\\backend\\vendor\\laravel\\framework\\src\\Illuminate\\Collections\\Traits\\EnumeratesValues.php(257): Illuminate\\Foundation\\Console\\ViewCacheCommand->Illuminate\\Foundation\\Console\\{closure}('C:\\\\Users\\\\thiago...', 0)
#3 C:\\Users\\thiago.oliveira\\Desktop\\Dev-Pers\\meglio\\backend\\vendor\\laravel\\framework\\src\\Illuminate\\Foundation\\Console\\ViewCacheCommand.php(38): Illuminate\\Support\\Collection->each(Object(Closure))
#4 C:\\Users\\thiago.oliveira\\Desktop\\Dev-Pers\\meglio\\backend\\vendor\\laravel\\framework\\src\\Illuminate\\Container\\BoundMethod.php(36): Illuminate\\Foundation\\Console\\ViewCacheCommand->handle()
#5 C:\\Users\\thiago.oliveira\\Desktop\\Dev-Pers\\meglio\\backend\\vendor\\laravel\\framework\\src\\Illuminate\\Container\\Util.php(43): Illuminate\\Container\\BoundMethod::Illuminate\\Container\\{closure}()
#6 C:\\Users\\thiago.oliveira\\Desktop\\Dev-Pers\\meglio\\backend\\vendor\\laravel\\framework\\src\\Illuminate\\Container\\BoundMethod.php(95): Illuminate\\Container\\Util::unwrapIfClosure(Object(Closure))
#7 C:\\Users\\thiago.oliveira\\Desktop\\Dev-Pers\\meglio\\backend\\vendor\\laravel\\framework\\src\\Illuminate\\Container\\BoundMethod.php(35): Illuminate\\Container\\BoundMethod::callBoundMethod(Object(Illuminate\\Foundation\\Application), Array, Object(Closure))
#8 C:\\Users\\thiago.oliveira\\Desktop\\Dev-Pers\\meglio\\backend\\vendor\\laravel\\framework\\src\\Illuminate\\Container\\Container.php(690): Illuminate\\Container\\BoundMethod::call(Object(Illuminate\\Foundation\\Application), Array, Array, NULL)
#9 C:\\Users\\thiago.oliveira\\Desktop\\Dev-Pers\\meglio\\backend\\vendor\\laravel\\framework\\src\\Illuminate\\Console\\Command.php(213): Illuminate\\Container\\Container->call(Array)
#10 C:\\Users\\thiago.oliveira\\Desktop\\Dev-Pers\\meglio\\backend\\vendor\\symfony\\console\\Command\\Command.php(279): Illuminate\\Console\\Command->execute(Object(Symfony\\Component\\Console\\Input\\ArrayInput), Object(Illuminate\\Console\\OutputStyle))
#11 C:\\Users\\thiago.oliveira\\Desktop\\Dev-Pers\\meglio\\backend\\vendor\\laravel\\framework\\src\\Illuminate\\Console\\Command.php(182): Symfony\\Component\\Console\\Command\\Command->run(Object(Symfony\\Component\\Console\\Input\\ArrayInput), Object(Illuminate\\Console\\OutputStyle))
#12 C:\\Users\\thiago.oliveira\\Desktop\\Dev-Pers\\meglio\\backend\\vendor\\laravel\\framework\\src\\Illuminate\\Console\\Concerns\\CallsCommands.php(67): Illuminate\\Console\\Command->run(Object(Symfony\\Component\\Console\\Input\\ArrayInput), Object(Symfony\\Component\\Console\\Output\\NullOutput))
#13 C:\\Users\\thiago.oliveira\\Desktop\\Dev-Pers\\meglio\\backend\\vendor\\laravel\\framework\\src\\Illuminate\\Console\\Concerns\\CallsCommands.php(40): Illuminate\\Console\\Command->runCommand('view:cache', Array, Object(Symfony\\Component\\Console\\Output\\NullOutput))
#14 C:\\Users\\thiago.oliveira\\Desktop\\Dev-Pers\\meglio\\backend\\vendor\\laravel\\framework\\src\\Illuminate\\Foundation\\Console\\OptimizeCommand.php(38): Illuminate\\Console\\Command->callSilent('view:cache')
#15 C:\\Users\\thiago.oliveira\\Desktop\\Dev-Pers\\meglio\\backend\\vendor\\laravel\\framework\\src\\Illuminate\\Console\\View\\Components\\Task.php(40): Illuminate\\Foundation\\Console\\OptimizeCommand->Illuminate\\Foundation\\Console\\{closure}()
#16 C:\\Users\\thiago.oliveira\\Desktop\\Dev-Pers\\meglio\\backend\\vendor\\laravel\\framework\\src\\Illuminate\\Console\\View\\Components\\Factory.php(60): Illuminate\\Console\\View\\Components\\Task->render('views', Object(Closure))
#17 C:\\Users\\thiago.oliveira\\Desktop\\Dev-Pers\\meglio\\backend\\vendor\\laravel\\framework\\src\\Illuminate\\Foundation\\Console\\OptimizeCommand.php(39): Illuminate\\Console\\View\\Components\\Factory->__call('task', Array)
#18 C:\\Users\\thiago.oliveira\\Desktop\\Dev-Pers\\meglio\\backend\\vendor\\laravel\\framework\\src\\Illuminate\\Collections\\Traits\\EnumeratesValues.php(257): Illuminate\\Foundation\\Console\\OptimizeCommand->Illuminate\\Foundation\\Console\\{closure}(Object(Closure), 'views')
#19 C:\\Users\\thiago.oliveira\\Desktop\\Dev-Pers\\meglio\\backend\\vendor\\laravel\\framework\\src\\Illuminate\\Foundation\\Console\\OptimizeCommand.php(39): Illuminate\\Support\\Collection->each(Object(Closure))
#20 C:\\Users\\thiago.oliveira\\Desktop\\Dev-Pers\\meglio\\backend\\vendor\\laravel\\framework\\src\\Illuminate\\Container\\BoundMethod.php(36): Illuminate\\Foundation\\Console\\OptimizeCommand->handle()
#21 C:\\Users\\thiago.oliveira\\Desktop\\Dev-Pers\\meglio\\backend\\vendor\\laravel\\framework\\src\\Illuminate\\Container\\Util.php(43): Illuminate\\Container\\BoundMethod::Illuminate\\Container\\{closure}()
#22 C:\\Users\\thiago.oliveira\\Desktop\\Dev-Pers\\meglio\\backend\\vendor\\laravel\\framework\\src\\Illuminate\\Container\\BoundMethod.php(95): Illuminate\\Container\\Util::unwrapIfClosure(Object(Closure))
#23 C:\\Users\\thiago.oliveira\\Desktop\\Dev-Pers\\meglio\\backend\\vendor\\laravel\\framework\\src\\Illuminate\\Container\\BoundMethod.php(35): Illuminate\\Container\\BoundMethod::callBoundMethod(Object(Illuminate\\Foundation\\Application), Array, Object(Closure))
#24 C:\\Users\\thiago.oliveira\\Desktop\\Dev-Pers\\meglio\\backend\\vendor\\laravel\\framework\\src\\Illuminate\\Container\\Container.php(690): Illuminate\\Container\\BoundMethod::call(Object(Illuminate\\Foundation\\Application), Array, Array, NULL)
#25 C:\\Users\\thiago.oliveira\\Desktop\\Dev-Pers\\meglio\\backend\\vendor\\laravel\\framework\\src\\Illuminate\\Console\\Command.php(213): Illuminate\\Container\\Container->call(Array)
#26 C:\\Users\\thiago.oliveira\\Desktop\\Dev-Pers\\meglio\\backend\\vendor\\symfony\\console\\Command\\Command.php(279): Illuminate\\Console\\Command->execute(Object(Symfony\\Component\\Console\\Input\\ArgvInput), Object(Illuminate\\Console\\OutputStyle))
#27 C:\\Users\\thiago.oliveira\\Desktop\\Dev-Pers\\meglio\\backend\\vendor\\laravel\\framework\\src\\Illuminate\\Console\\Command.php(182): Symfony\\Component\\Console\\Command\\Command->run(Object(Symfony\\Component\\Console\\Input\\ArgvInput), Object(Illuminate\\Console\\OutputStyle))
#28 C:\\Users\\thiago.oliveira\\Desktop\\Dev-Pers\\meglio\\backend\\vendor\\symfony\\console\\Application.php(1047): Illuminate\\Console\\Command->run(Object(Symfony\\Component\\Console\\Input\\ArgvInput), Object(Symfony\\Component\\Console\\Output\\ConsoleOutput))
#29 C:\\Users\\thiago.oliveira\\Desktop\\Dev-Pers\\meglio\\backend\\vendor\\symfony\\console\\Application.php(316): Symfony\\Component\\Console\\Application->doRunCommand(Object(Illuminate\\Foundation\\Console\\OptimizeCommand), Object(Symfony\\Component\\Console\\Input\\ArgvInput), Object(Symfony\\Component\\Console\\Output\\ConsoleOutput))
#30 C:\\Users\\thiago.oliveira\\Desktop\\Dev-Pers\\meglio\\backend\\vendor\\symfony\\console\\Application.php(167): Symfony\\Component\\Console\\Application->doRun(Object(Symfony\\Component\\Console\\Input\\ArgvInput), Object(Symfony\\Component\\Console\\Output\\ConsoleOutput))
#31 C:\\Users\\thiago.oliveira\\Desktop\\Dev-Pers\\meglio\\backend\\vendor\\laravel\\framework\\src\\Illuminate\\Foundation\\Console\\Kernel.php(197): Symfony\\Component\\Console\\Application->run(Object(Symfony\\Component\\Console\\Input\\ArgvInput), Object(Symfony\\Component\\Console\\Output\\ConsoleOutput))
#32 C:\\Users\\thiago.oliveira\\Desktop\\Dev-Pers\\meglio\\backend\\vendor\\laravel\\framework\\src\\Illuminate\\Foundation\\Application.php(1203): Illuminate\\Foundation\\Console\\Kernel->handle(Object(Symfony\\Component\\Console\\Input\\ArgvInput), Object(Symfony\\Component\\Console\\Output\\ConsoleOutput))
#33 C:\\Users\\thiago.oliveira\\Desktop\\Dev-Pers\\meglio\\backend\\artisan(13): Illuminate\\Foundation\\Application->handleCommand(Object(Symfony\\Component\\Console\\Input\\ArgvInput))
#34 {main}
"} 
